<?xml version="1.0" encoding="UTF-8"?>
<robot generator="Robot 4.0.3 (Python 3.9.5 on win32)" generated="20210702 22:17:58.589" rpa="false" schemaversion="2">
<suite id="s1" name="Mobile Testerobot" source="C:\Users\roy\Documents\Projetos Prime\Primeexperts_Junho_28_2021\mobile_testerobot">
<suite id="s1-s1" name="Mobile Test" source="C:\Users\roy\Documents\Projetos Prime\Primeexperts_Junho_28_2021\mobile_testerobot\mobile_test.robot">
<kw name="Abrir o aplicativo no celular" library="resource_mobile" type="SETUP">
<kw name="Open Application" library="AppiumLibrary">
<arg>${REMOTE_URL}</arg>
<arg>platformName=${PLATFORM_NAME}</arg>
<arg>platformVersion=${PLATFORM_VERSION}</arg>
<arg>deviceName=${DEVICE_NAME}</arg>
<arg>appPackage=${APP_PACKAGE}</arg>
<arg>appActivity=${APP_ACTIVITY}</arg>
<arg>automationName=${AUTOMATION_NAME}</arg>
<doc>Opens a new application to given Appium server.
Capabilities of appium server, Android and iOS,
Please check https://github.com/appium/appium/blob/master/docs/en/writing-running-appium/server-args.md
| *Option*            | *Man.* | *Description*     |
| remote_url          | Yes    | Appium server url |
| alias               | no     | alias             |</doc>
<status status="PASS" starttime="20210702 22:17:58.789" endtime="20210702 22:18:09.232"/>
</kw>
<status status="PASS" starttime="20210702 22:17:58.789" endtime="20210702 22:18:09.233"/>
</kw>
<test id="s1-s1-t1" name="Pesquisar canal “Adrenaline”">
<kw name="Buscar o canal “Adrenaline&quot;" library="resource_mobile" sourcename="Buscar o canal “${nome_do_canal}&quot;">
<kw name="Wait Until Element Is Visible" library="AppiumLibrary">
<arg>${BTN_SEARCH}</arg>
<doc>Waits until element specified with `locator` is visible.</doc>
<status status="PASS" starttime="20210702 22:18:09.235" endtime="20210702 22:18:11.620"/>
</kw>
<kw name="Click Element" library="AppiumLibrary">
<arg>${BTN_SEARCH}</arg>
<doc>Click element identified by `locator`.</doc>
<msg timestamp="20210702 22:18:11.622" level="INFO">Clicking element 'accessibility_id=Search'.</msg>
<status status="PASS" starttime="20210702 22:18:11.620" endtime="20210702 22:18:11.693"/>
</kw>
<kw name="Wait Until Element Is Visible" library="AppiumLibrary">
<arg>${INPUT_SEARCH}</arg>
<doc>Waits until element specified with `locator` is visible.</doc>
<status status="PASS" starttime="20210702 22:18:11.693" endtime="20210702 22:18:12.990"/>
</kw>
<kw name="Input Text" library="AppiumLibrary">
<arg>${INPUT_SEARCH}</arg>
<arg>${nome_do_canal}</arg>
<doc>Types the given `text` into text field identified by `locator`.</doc>
<msg timestamp="20210702 22:18:12.992" level="INFO">Typing text 'Adrenaline' into text field 'search_edit_text'</msg>
<status status="PASS" starttime="20210702 22:18:12.990" endtime="20210702 22:18:13.064"/>
</kw>
<kw name="Press Keycode" library="AppiumLibrary">
<arg>66</arg>
<doc>Sends a press of keycode to the device.</doc>
<status status="PASS" starttime="20210702 22:18:13.064" endtime="20210702 22:18:13.936"/>
</kw>
<status status="PASS" starttime="20210702 22:18:09.234" endtime="20210702 22:18:13.936"/>
</kw>
<kw name="Selecionar o canal na lista de busca" library="resource_mobile">
<kw name="Wait Until Element Is Visible" library="AppiumLibrary">
<arg>${CHANNEL_NAME}</arg>
<doc>Waits until element specified with `locator` is visible.</doc>
<status status="PASS" starttime="20210702 22:18:13.937" endtime="20210702 22:18:15.931"/>
</kw>
<kw name="Click Element" library="AppiumLibrary">
<arg>${CHANNEL_NAME}</arg>
<doc>Click element identified by `locator`.</doc>
<msg timestamp="20210702 22:18:15.933" level="INFO">Clicking element 'channel_name'.</msg>
<status status="PASS" starttime="20210702 22:18:15.931" endtime="20210702 22:18:15.984"/>
</kw>
<status status="PASS" starttime="20210702 22:18:13.937" endtime="20210702 22:18:15.984"/>
</kw>
<kw name="Navegar pelo menu Playlist" library="resource_mobile">
<kw name="Wait Until Element Is Visible" library="AppiumLibrary">
<arg>${PLAYLISTS}</arg>
<doc>Waits until element specified with `locator` is visible.</doc>
<status status="PASS" starttime="20210702 22:18:15.985" endtime="20210702 22:18:17.911"/>
</kw>
<kw name="Click Element" library="AppiumLibrary">
<arg>${PLAYLISTS}</arg>
<doc>Click element identified by `locator`.</doc>
<msg timestamp="20210702 22:18:17.913" level="INFO">Clicking element 'accessibility_id=Playlists'.</msg>
<status status="PASS" starttime="20210702 22:18:17.911" endtime="20210702 22:18:17.955"/>
</kw>
<status status="PASS" starttime="20210702 22:18:15.984" endtime="20210702 22:18:17.955"/>
</kw>
<kw name="Selecionar a playlist da E3 do canal" library="resource_mobile">
<kw name="Wait Until Element Is Visible" library="AppiumLibrary">
<arg>${CHOOSE_E3}</arg>
<arg>10</arg>
<doc>Waits until element specified with `locator` is visible.</doc>
<status status="PASS" starttime="20210702 22:18:17.956" endtime="20210702 22:18:19.186"/>
</kw>
<kw name="Click Element" library="AppiumLibrary">
<arg>${CHOOSE_E3}</arg>
<doc>Click element identified by `locator`.</doc>
<msg timestamp="20210702 22:18:19.188" level="INFO">Clicking element 'xpath=/hierarchy/android.widget.FrameLayout/android.widget.LinearLayout/android.widget.FrameLayout/android.widget.LinearLayout/android.widget.FrameLayout/android.view.ViewGroup/android.widget.FrameLayout/android.widget.FrameLayout/android.view.ViewGroup/android.view.ViewGroup/android.widget.FrameLayout[2]/android.widget.FrameLayout/android.support.v4.view.ViewPager/android.view.ViewGroup/android.support.v7.widget.RecyclerView/android.widget.RelativeLayout[2]/android.widget.TextView[1]'.</msg>
<status status="PASS" starttime="20210702 22:18:19.186" endtime="20210702 22:18:19.262"/>
</kw>
<status status="PASS" starttime="20210702 22:18:17.956" endtime="20210702 22:18:19.262"/>
</kw>
<kw name="Navegar por todos os botões da barra de Menus(Home, Explorar...) do YouTube" library="resource_mobile">
<kw name="Click Element" library="AppiumLibrary">
<arg>${HOME_BTN}</arg>
<doc>Click element identified by `locator`.</doc>
<msg timestamp="20210702 22:18:19.265" level="INFO">Clicking element 'accessibility_id=Home'.</msg>
<status status="PASS" starttime="20210702 22:18:19.263" endtime="20210702 22:18:20.306"/>
</kw>
<kw name="Click Element" library="AppiumLibrary">
<arg>${TRENDING_BTN}</arg>
<doc>Click element identified by `locator`.</doc>
<msg timestamp="20210702 22:18:20.308" level="INFO">Clicking element 'accessibility_id=Trending'.</msg>
<status status="PASS" starttime="20210702 22:18:20.307" endtime="20210702 22:18:21.071"/>
</kw>
<kw name="Click Element" library="AppiumLibrary">
<arg>${SUBSCRIPTIONS_BTN}</arg>
<doc>Click element identified by `locator`.</doc>
<msg timestamp="20210702 22:18:21.073" level="INFO">Clicking element 'accessibility_id=Subscriptions'.</msg>
<status status="PASS" starttime="20210702 22:18:21.071" endtime="20210702 22:18:22.071"/>
</kw>
<kw name="Click Element" library="AppiumLibrary">
<arg>${NOTIFICATION_BTN}</arg>
<doc>Click element identified by `locator`.</doc>
<msg timestamp="20210702 22:18:22.074" level="INFO">Clicking element 'accessibility_id=Notifications'.</msg>
<status status="PASS" starttime="20210702 22:18:22.071" endtime="20210702 22:18:22.822"/>
</kw>
<status status="PASS" starttime="20210702 22:18:19.263" endtime="20210702 22:18:22.822"/>
</kw>
<status status="PASS" starttime="20210702 22:18:09.233" endtime="20210702 22:18:22.823"/>
</test>
<doc>arquivo responsavel pelos testes do mobile testing App: YouTube</doc>
<status status="PASS" starttime="20210702 22:17:58.615" endtime="20210702 22:18:22.824"/>
</suite>
<status status="PASS" starttime="20210702 22:17:58.591" endtime="20210702 22:18:22.826"/>
</suite>
<statistics>
<total>
<stat pass="1" fail="0" skip="0">All Tests</stat>
</total>
<tag>
</tag>
<suite>
<stat pass="1" fail="0" skip="0" id="s1" name="Mobile Testerobot">Mobile Testerobot</stat>
<stat pass="1" fail="0" skip="0" id="s1-s1" name="Mobile Test">Mobile Testerobot.Mobile Test</stat>
</suite>
</statistics>
<errors>
</errors>
</robot>
