<?xml version="1.0" encoding="UTF-8"?>
<robot generator="Robot 4.0.3 (Python 3.9.5 on win32)" generated="20210630 19:32:36.373" rpa="false" schemaversion="2">
<suite id="s1" name="Argumentos Embutidos" source="C:\Users\roy\Documents\Projetos Prime\Primeexperts_Junho_28_2021\argumentos_embutidos">
<suite id="s1-s1" name="Argumentos Embutidos" source="C:\Users\roy\Documents\Projetos Prime\Primeexperts_Junho_28_2021\argumentos_embutidos\argumentos_embutidos.robot">
<test id="s1-s1-t1" name="Meu teste de soma">
<kw name="somar dois numeros &quot;6&quot; e &quot;2&quot;" sourcename="somar dois numeros &quot;${primeiro_num}&quot; e &quot;${segundo_num}&quot;">
<var>${resultado_da_soma}</var>
<kw name="Evaluate" library="BuiltIn">
<var>${resultado_da_expressao}</var>
<arg>${primeiro_num} +${segundo_num}</arg>
<doc>Evaluates the given expression in Python and returns the result.</doc>
<msg timestamp="20210630 19:32:36.410" level="INFO">${resultado_da_expressao} = 8</msg>
<status status="PASS" starttime="20210630 19:32:36.410" endtime="20210630 19:32:36.410"/>
</kw>
<kw name="Log To Console" library="BuiltIn">
<arg>${\n}Oresultado é: ${resultado_da_expressao}</arg>
<doc>Logs the given message to the console.</doc>
<status status="PASS" starttime="20210630 19:32:36.411" endtime="20210630 19:32:36.411"/>
</kw>
<msg timestamp="20210630 19:32:36.411" level="INFO">${resultado_da_soma} = 8</msg>
<status status="PASS" starttime="20210630 19:32:36.410" endtime="20210630 19:32:36.411"/>
</kw>
<kw name="Log" library="BuiltIn">
<arg>${resultado_da_soma}</arg>
<doc>Logs the given message with the given level.</doc>
<msg timestamp="20210630 19:32:36.412" level="INFO">8</msg>
<status status="PASS" starttime="20210630 19:32:36.412" endtime="20210630 19:32:36.412"/>
</kw>
<kw name="somar dois numeros &quot;${resultado_da_soma}&quot; e &quot;4&quot;" sourcename="somar dois numeros &quot;${primeiro_num}&quot; e &quot;${segundo_num}&quot;">
<var>${resultado_da_soma}</var>
<kw name="Evaluate" library="BuiltIn">
<var>${resultado_da_expressao}</var>
<arg>${primeiro_num} +${segundo_num}</arg>
<doc>Evaluates the given expression in Python and returns the result.</doc>
<msg timestamp="20210630 19:32:36.413" level="INFO">${resultado_da_expressao} = 12</msg>
<status status="PASS" starttime="20210630 19:32:36.412" endtime="20210630 19:32:36.413"/>
</kw>
<kw name="Log To Console" library="BuiltIn">
<arg>${\n}Oresultado é: ${resultado_da_expressao}</arg>
<doc>Logs the given message to the console.</doc>
<status status="PASS" starttime="20210630 19:32:36.413" endtime="20210630 19:32:36.414"/>
</kw>
<msg timestamp="20210630 19:32:36.414" level="INFO">${resultado_da_soma} = 12</msg>
<status status="PASS" starttime="20210630 19:32:36.412" endtime="20210630 19:32:36.414"/>
</kw>
<kw name="Log" library="BuiltIn">
<arg>${resultado_da_soma}</arg>
<doc>Logs the given message with the given level.</doc>
<msg timestamp="20210630 19:32:36.414" level="INFO">12</msg>
<status status="PASS" starttime="20210630 19:32:36.414" endtime="20210630 19:32:36.414"/>
</kw>
<status status="PASS" starttime="20210630 19:32:36.409" endtime="20210630 19:32:36.414"/>
</test>
<doc>testando argumentos e retornos</doc>
<status status="PASS" starttime="20210630 19:32:36.400" endtime="20210630 19:32:36.416"/>
</suite>
<status status="PASS" starttime="20210630 19:32:36.375" endtime="20210630 19:32:36.417"/>
</suite>
<statistics>
<total>
<stat pass="1" fail="0" skip="0">All Tests</stat>
</total>
<tag>
</tag>
<suite>
<stat pass="1" fail="0" skip="0" id="s1" name="Argumentos Embutidos">Argumentos Embutidos</stat>
<stat pass="1" fail="0" skip="0" id="s1-s1" name="Argumentos Embutidos">Argumentos Embutidos.Argumentos Embutidos</stat>
</suite>
</statistics>
<errors>
</errors>
</robot>
