<?xml version="1.0" encoding="UTF-8"?>
<robot generator="Robot 4.0.3 (Python 3.9.5 on win32)" generated="20210701 20:03:50.607" rpa="false" schemaversion="2">
<suite id="s1" name="Webtesting" source="C:\Users\roy\Documents\Projetos Prime\Primeexperts_Junho_28_2021\webtesting">
<suite id="s1-s1" name="Web Test" source="C:\Users\roy\Documents\Projetos Prime\Primeexperts_Junho_28_2021\webtesting\web_test.robot">
<kw name="Abrir o navegador" library="resource_web" type="SETUP">
<kw name="Open Browser" library="SeleniumLibrary">
<arg>browser=Chrome</arg>
<doc>Opens a new browser instance to the optional ``url``.</doc>
<msg timestamp="20210701 20:03:50.841" level="INFO">Opening browser 'Chrome' to base url 'None'.</msg>
<status status="PASS" starttime="20210701 20:03:50.841" endtime="20210701 20:03:51.872"/>
</kw>
<status status="PASS" starttime="20210701 20:03:50.841" endtime="20210701 20:03:51.872"/>
</kw>
<test id="s1-s1-t1" name="Caso de Teste 01: Pesquisar produto existente">
<kw name="Acessar a página home do site Automation Practice" library="resource_web">
<kw name="Go To" library="SeleniumLibrary">
<arg>${URL}</arg>
<doc>Navigates the current browser window to the provided ``url``.</doc>
<msg timestamp="20210701 20:03:51.873" level="INFO">Opening url 'http://automationpractice.com'</msg>
<status status="PASS" starttime="20210701 20:03:51.873" endtime="20210701 20:03:57.122"/>
</kw>
<status status="PASS" starttime="20210701 20:03:51.873" endtime="20210701 20:03:57.123"/>
</kw>
<kw name="Digitar o nome do produto &quot;Blouse&quot; no campo de pesquisa" library="resource_web" sourcename="Digitar o nome do produto &quot;${produto}&quot; no campo de pesquisa">
<kw name="Wait Until Element Is Visible" library="SeleniumLibrary">
<arg>id:search_query_top</arg>
<doc>Waits until the element ``locator`` is visible.</doc>
<status status="PASS" starttime="20210701 20:03:57.124" endtime="20210701 20:03:57.145"/>
</kw>
<kw name="Input Text" library="SeleniumLibrary">
<arg>id:search_query_top</arg>
<arg>${produto}</arg>
<doc>Types the given ``text`` into the text field identified by ``locator``.</doc>
<msg timestamp="20210701 20:03:57.145" level="INFO">Typing text 'Blouse' into text field 'id:search_query_top'.</msg>
<status status="PASS" starttime="20210701 20:03:57.145" endtime="20210701 20:03:57.206"/>
</kw>
<status status="PASS" starttime="20210701 20:03:57.123" endtime="20210701 20:03:57.206"/>
</kw>
<kw name="Clicar no botão pesquisar" library="resource_web">
<kw name="Click Button" library="SeleniumLibrary">
<arg>name:submit_search</arg>
<doc>Clicks the button identified by ``locator``.</doc>
<msg timestamp="20210701 20:03:57.207" level="INFO">Clicking button 'name:submit_search'.</msg>
<status status="PASS" starttime="20210701 20:03:57.207" endtime="20210701 20:03:58.950"/>
</kw>
<status status="PASS" starttime="20210701 20:03:57.207" endtime="20210701 20:03:58.950"/>
</kw>
<kw name="Conferir se o produto &quot;Blouse&quot; foi listado no site" library="resource_web" sourcename="Conferir se o produto &quot;${produto}&quot; foi listado no site">
<kw name="Wait Until Element Is Visible" library="SeleniumLibrary">
<arg>//h5[@itemprop='name'][contains(.,'Blouse')]</arg>
<doc>Waits until the element ``locator`` is visible.</doc>
<status status="PASS" starttime="20210701 20:03:58.952" endtime="20210701 20:03:58.972"/>
</kw>
<kw name="Element Text Should Be" library="SeleniumLibrary">
<arg>//h5[@itemprop='name'][contains(.,'Blouse')]</arg>
<arg>${produto}</arg>
<doc>Verifies that element ``locator`` contains exact the text ``expected``.</doc>
<msg timestamp="20210701 20:03:58.973" level="INFO">Verifying element '//h5[@itemprop='name'][contains(.,'Blouse')]' contains exact text 'Blouse'.</msg>
<status status="PASS" starttime="20210701 20:03:58.972" endtime="20210701 20:03:58.985"/>
</kw>
<status status="PASS" starttime="20210701 20:03:58.951" endtime="20210701 20:03:58.985"/>
</kw>
<status status="PASS" starttime="20210701 20:03:51.872" endtime="20210701 20:03:58.986"/>
</test>
<kw name="Fechar o navegador" library="resource_web" type="TEARDOWN">
<kw name="Close Browser" library="SeleniumLibrary">
<doc>Closes the current browser.</doc>
<status status="PASS" starttime="20210701 20:03:58.988" endtime="20210701 20:04:01.102"/>
</kw>
<status status="PASS" starttime="20210701 20:03:58.988" endtime="20210701 20:04:01.103"/>
</kw>
<doc>teste case web</doc>
<status status="PASS" starttime="20210701 20:03:50.638" endtime="20210701 20:04:01.103"/>
</suite>
<status status="PASS" starttime="20210701 20:03:50.608" endtime="20210701 20:04:01.108"/>
</suite>
<statistics>
<total>
<stat pass="1" fail="0" skip="0">All Tests</stat>
</total>
<tag>
</tag>
<suite>
<stat pass="1" fail="0" skip="0" id="s1" name="Webtesting">Webtesting</stat>
<stat pass="1" fail="0" skip="0" id="s1-s1" name="Web Test">Webtesting.Web Test</stat>
</suite>
</statistics>
<errors>
</errors>
</robot>
