<?xml version="1.0" encoding="UTF-8"?>
<robot generator="Robot 4.0.3 (Python 3.9.5 on win32)" generated="20210630 20:16:45.464" rpa="false" schemaversion="2">
<suite id="s1" name="If" source="C:\Users\roy\Documents\Projetos Prime\Primeexperts_Junho_28_2021\if">
<suite id="s1-s1" name="If" source="C:\Users\roy\Documents\Projetos Prime\Primeexperts_Junho_28_2021\if\if.robot">
<test id="s1-s1-t1" name="jogo do advinha">
<kw name="Eu tenho o numero">
<arg>5</arg>
<kw name="Ganhei o jogo &quot;${possuo_o_numero}&quot;" sourcename="Ganhei o jogo &quot;${numero_recebido}&quot;">
<kw name="Set Variable" library="BuiltIn">
<var>${mensagem_vencedora}</var>
<arg>você ganhou o jogo</arg>
<doc>Returns the given values which can then be assigned to a variables.</doc>
<msg timestamp="20210630 20:16:45.501" level="INFO">${mensagem_vencedora} = você ganhou o jogo</msg>
<status status="PASS" starttime="20210630 20:16:45.501" endtime="20210630 20:16:45.501"/>
</kw>
<if>
<branch type="IF" condition="${numero_recebido} == ${5}">
<kw name="Log To Console" library="BuiltIn">
<arg>${mensagem_vencedora}</arg>
<doc>Logs the given message to the console.</doc>
<status status="PASS" starttime="20210630 20:16:45.502" endtime="20210630 20:16:45.502"/>
</kw>
<status status="PASS" starttime="20210630 20:16:45.502" endtime="20210630 20:16:45.502"/>
</branch>
<branch type="ELSE IF" condition="${numero_recebido} == ${8}">
<kw name="Log To Console" library="BuiltIn">
<arg>${mensagem_vencedora}</arg>
<doc>Logs the given message to the console.</doc>
<status status="NOT RUN" starttime="20210630 20:16:45.503" endtime="20210630 20:16:45.503"/>
</kw>
<status status="NOT RUN" starttime="20210630 20:16:45.502" endtime="20210630 20:16:45.503"/>
</branch>
<branch type="ELSE">
<kw name="Log To Console" library="BuiltIn">
<arg>voce perdeu......</arg>
<doc>Logs the given message to the console.</doc>
<status status="NOT RUN" starttime="20210630 20:16:45.503" endtime="20210630 20:16:45.503"/>
</kw>
<status status="NOT RUN" starttime="20210630 20:16:45.503" endtime="20210630 20:16:45.503"/>
</branch>
<status status="PASS" starttime="20210630 20:16:45.501" endtime="20210630 20:16:45.503"/>
</if>
<status status="PASS" starttime="20210630 20:16:45.501" endtime="20210630 20:16:45.503"/>
</kw>
<status status="PASS" starttime="20210630 20:16:45.500" endtime="20210630 20:16:45.503"/>
</kw>
<status status="PASS" starttime="20210630 20:16:45.500" endtime="20210630 20:16:45.503"/>
</test>
<doc>Usando if jogo advinhacao</doc>
<status status="PASS" starttime="20210630 20:16:45.491" endtime="20210630 20:16:45.504"/>
</suite>
<suite id="s1-s2" name="Test" source="C:\Users\roy\Documents\Projetos Prime\Primeexperts_Junho_28_2021\if\test.robot">
<test id="s1-s2-t1" name="jogo do advinha">
<kw name="Eu tenho o numero">
<arg>5</arg>
<kw name="Regra do jogo &quot;${recebo_valor_do_test_case}&quot;" sourcename="Regra do jogo &quot;${numero_recebido}&quot;">
<kw name="Set Variable" library="BuiltIn">
<var>${mensagem_vencedora}</var>
<arg>voce ganhou o jogo</arg>
<doc>Returns the given values which can then be assigned to a variables.</doc>
<msg timestamp="20210630 20:16:45.510" level="INFO">${mensagem_vencedora} = voce ganhou o jogo</msg>
<status status="PASS" starttime="20210630 20:16:45.510" endtime="20210630 20:16:45.510"/>
</kw>
<if>
<branch type="IF" condition="${numero_recebido} == ${5}">
<kw name="Log To Console" library="BuiltIn">
<arg>${mensagem_vencedora}</arg>
<doc>Logs the given message to the console.</doc>
<status status="PASS" starttime="20210630 20:16:45.511" endtime="20210630 20:16:45.511"/>
</kw>
<status status="PASS" starttime="20210630 20:16:45.511" endtime="20210630 20:16:45.511"/>
</branch>
<branch type="ELSE IF" condition="${numero_recebido} == ${8}">
<kw name="Log To Console" library="BuiltIn">
<arg>${mensagem_vencedora}</arg>
<doc>Logs the given message to the console.</doc>
<status status="NOT RUN" starttime="20210630 20:16:45.512" endtime="20210630 20:16:45.512"/>
</kw>
<status status="NOT RUN" starttime="20210630 20:16:45.511" endtime="20210630 20:16:45.512"/>
</branch>
<branch type="ELSE">
<kw name="Log To Console" library="BuiltIn">
<arg>voce perdeu.....</arg>
<doc>Logs the given message to the console.</doc>
<status status="NOT RUN" starttime="20210630 20:16:45.512" endtime="20210630 20:16:45.512"/>
</kw>
<status status="NOT RUN" starttime="20210630 20:16:45.512" endtime="20210630 20:16:45.512"/>
</branch>
<status status="PASS" starttime="20210630 20:16:45.510" endtime="20210630 20:16:45.512"/>
</if>
<status status="PASS" starttime="20210630 20:16:45.510" endtime="20210630 20:16:45.512"/>
</kw>
<status status="PASS" starttime="20210630 20:16:45.509" endtime="20210630 20:16:45.512"/>
</kw>
<status status="PASS" starttime="20210630 20:16:45.509" endtime="20210630 20:16:45.512"/>
</test>
<doc>testando lacos(for) com robot</doc>
<status status="PASS" starttime="20210630 20:16:45.506" endtime="20210630 20:16:45.513"/>
</suite>
<status status="PASS" starttime="20210630 20:16:45.466" endtime="20210630 20:16:45.515"/>
</suite>
<statistics>
<total>
<stat pass="2" fail="0" skip="0">All Tests</stat>
</total>
<tag>
</tag>
<suite>
<stat pass="2" fail="0" skip="0" id="s1" name="If">If</stat>
<stat pass="1" fail="0" skip="0" id="s1-s1" name="If">If.If</stat>
<stat pass="1" fail="0" skip="0" id="s1-s2" name="Test">If.Test</stat>
</suite>
</statistics>
<errors>
</errors>
</robot>
