<?xml version="1.0" encoding="UTF-8"?>
<robot generator="Robot 4.0.3 (Python 3.9.5 on win32)" generated="20210630 21:32:26.740" rpa="false" schemaversion="2">
<suite id="s1" name="Argumentos Retorno" source="C:\Users\roy\Documents\Projetos Prime\Primeexperts_Junho_28_2021\argumentos_retorno">
<suite id="s1-s1" name="Argumentos Retornos" source="C:\Users\roy\Documents\Projetos Prime\Primeexperts_Junho_28_2021\argumentos_retorno\argumentos_retornos.robot">
<kw name="kw para executar no setup da Suite" type="SETUP">
<kw name="Log To Console" library="BuiltIn">
<arg>Essa KW foi executada no Setup da Suite</arg>
<doc>Logs the given message to the console.</doc>
<status status="PASS" starttime="20210630 21:32:26.774" endtime="20210630 21:32:26.775"/>
</kw>
<status status="PASS" starttime="20210630 21:32:26.774" endtime="20210630 21:32:26.775"/>
</kw>
<test id="s1-s1-t1" name="Meu teste de soma">
<kw name="kw para executar no setup de cada Teste" type="SETUP">
<kw name="Log To Console" library="BuiltIn">
<arg>Essa KW foi executada no setup de cada Teste</arg>
<doc>Logs the given message to the console.</doc>
<status status="PASS" starttime="20210630 21:32:26.776" endtime="20210630 21:32:26.776"/>
</kw>
<status status="PASS" starttime="20210630 21:32:26.775" endtime="20210630 21:32:26.776"/>
</kw>
<kw name="somar dois numeros">
<var>${resultado_da_soma}</var>
<arg>1</arg>
<arg>2</arg>
<kw name="Evaluate" library="BuiltIn">
<var>${resultado_da_expressao}</var>
<arg>${primeiro_num}+${segundo_num}</arg>
<doc>Evaluates the given expression in Python and returns the result.</doc>
<msg timestamp="20210630 21:32:26.777" level="INFO">${resultado_da_expressao} = 3</msg>
<status status="PASS" starttime="20210630 21:32:26.777" endtime="20210630 21:32:26.777"/>
</kw>
<kw name="Log To Console" library="BuiltIn">
<arg>${\n}O resultado é: ${resultado_da_expressao}</arg>
<doc>Logs the given message to the console.</doc>
<status status="PASS" starttime="20210630 21:32:26.777" endtime="20210630 21:32:26.778"/>
</kw>
<msg timestamp="20210630 21:32:26.778" level="INFO">${resultado_da_soma} = 3</msg>
<status status="PASS" starttime="20210630 21:32:26.777" endtime="20210630 21:32:26.778"/>
</kw>
<kw name="Log" library="BuiltIn">
<arg>${resultado_da_soma}</arg>
<doc>Logs the given message with the given level.</doc>
<msg timestamp="20210630 21:32:26.779" level="INFO">3</msg>
<status status="PASS" starttime="20210630 21:32:26.778" endtime="20210630 21:32:26.779"/>
</kw>
<kw name="somar dois numeros">
<var>${resultado_da_soma}</var>
<arg>${resultado_da_soma}</arg>
<arg>4</arg>
<kw name="Evaluate" library="BuiltIn">
<var>${resultado_da_expressao}</var>
<arg>${primeiro_num}+${segundo_num}</arg>
<doc>Evaluates the given expression in Python and returns the result.</doc>
<msg timestamp="20210630 21:32:26.779" level="INFO">${resultado_da_expressao} = 7</msg>
<status status="PASS" starttime="20210630 21:32:26.779" endtime="20210630 21:32:26.780"/>
</kw>
<kw name="Log To Console" library="BuiltIn">
<arg>${\n}O resultado é: ${resultado_da_expressao}</arg>
<doc>Logs the given message to the console.</doc>
<status status="PASS" starttime="20210630 21:32:26.780" endtime="20210630 21:32:26.780"/>
</kw>
<msg timestamp="20210630 21:32:26.780" level="INFO">${resultado_da_soma} = 7</msg>
<status status="PASS" starttime="20210630 21:32:26.779" endtime="20210630 21:32:26.780"/>
</kw>
<kw name="Log" library="BuiltIn">
<arg>${resultado_da_soma}</arg>
<doc>Logs the given message with the given level.</doc>
<msg timestamp="20210630 21:32:26.781" level="INFO">7</msg>
<status status="PASS" starttime="20210630 21:32:26.781" endtime="20210630 21:32:26.781"/>
</kw>
<kw name="kw para executar no Teardown de cada Teste" type="TEARDOWN">
<kw name="Log To Console" library="BuiltIn">
<arg>Essa KW foi executada no Teardown deste Teste!</arg>
<doc>Logs the given message to the console.</doc>
<status status="PASS" starttime="20210630 21:32:26.781" endtime="20210630 21:32:26.782"/>
</kw>
<status status="PASS" starttime="20210630 21:32:26.781" endtime="20210630 21:32:26.782"/>
</kw>
<status status="PASS" starttime="20210630 21:32:26.775" endtime="20210630 21:32:26.782"/>
</test>
<test id="s1-s1-t2" name="Meu teste de soma 2">
<kw name="kw para executar no setup de cada Teste" type="SETUP">
<kw name="Log To Console" library="BuiltIn">
<arg>Essa KW foi executada no setup de cada Teste</arg>
<doc>Logs the given message to the console.</doc>
<status status="PASS" starttime="20210630 21:32:26.784" endtime="20210630 21:32:26.784"/>
</kw>
<status status="PASS" starttime="20210630 21:32:26.783" endtime="20210630 21:32:26.784"/>
</kw>
<kw name="somar dois numeros">
<arg>3</arg>
<arg>4</arg>
<kw name="Evaluate" library="BuiltIn">
<var>${resultado_da_expressao}</var>
<arg>${primeiro_num}+${segundo_num}</arg>
<doc>Evaluates the given expression in Python and returns the result.</doc>
<msg timestamp="20210630 21:32:26.785" level="INFO">${resultado_da_expressao} = 7</msg>
<status status="PASS" starttime="20210630 21:32:26.785" endtime="20210630 21:32:26.785"/>
</kw>
<kw name="Log To Console" library="BuiltIn">
<arg>${\n}O resultado é: ${resultado_da_expressao}</arg>
<doc>Logs the given message to the console.</doc>
<status status="PASS" starttime="20210630 21:32:26.785" endtime="20210630 21:32:26.786"/>
</kw>
<status status="PASS" starttime="20210630 21:32:26.784" endtime="20210630 21:32:26.786"/>
</kw>
<kw name="kw para executar no Teardown de cada Teste" type="TEARDOWN">
<kw name="Log To Console" library="BuiltIn">
<arg>Essa KW foi executada no Teardown deste Teste!</arg>
<doc>Logs the given message to the console.</doc>
<status status="PASS" starttime="20210630 21:32:26.786" endtime="20210630 21:32:26.787"/>
</kw>
<status status="PASS" starttime="20210630 21:32:26.786" endtime="20210630 21:32:26.787"/>
</kw>
<status status="PASS" starttime="20210630 21:32:26.783" endtime="20210630 21:32:26.787"/>
</test>
<kw name="kw para executar no Teardown da Suite" type="TEARDOWN">
<kw name="Log To Console" library="BuiltIn">
<arg>Essa KW foi executada no Teardown desta Suite!!!</arg>
<doc>Logs the given message to the console.</doc>
<status status="PASS" starttime="20210630 21:32:26.789" endtime="20210630 21:32:26.789"/>
</kw>
<status status="PASS" starttime="20210630 21:32:26.788" endtime="20210630 21:32:26.789"/>
</kw>
<doc>testando argumentos e retornos</doc>
<status status="PASS" starttime="20210630 21:32:26.766" endtime="20210630 21:32:26.789"/>
</suite>
<status status="PASS" starttime="20210630 21:32:26.741" endtime="20210630 21:32:26.791"/>
</suite>
<statistics>
<total>
<stat pass="2" fail="0" skip="0">All Tests</stat>
</total>
<tag>
</tag>
<suite>
<stat pass="2" fail="0" skip="0" id="s1" name="Argumentos Retorno">Argumentos Retorno</stat>
<stat pass="2" fail="0" skip="0" id="s1-s1" name="Argumentos Retornos">Argumentos Retorno.Argumentos Retornos</stat>
</suite>
</statistics>
<errors>
</errors>
</robot>
